app/build/intermediates/manifest_merge_blame_file/debug/processDebugMainManifest/manifest-merger-blame-debug-report.txt
1<?xml version="1.0" encoding="utf-8"?>
2<manifest xmlns:android="http://schemas.android.com/apk/res/android"
3    package="com.vopo.app.debug"
4    android:versionCode="16"
5    android:versionName="1.0.15-debug" >
6
7    <uses-sdk
8        android:minSdkVersion="25"
9        android:targetSdkVersion="36" />
10
11    <uses-permission android:name="android.permission.INTERNET" />
11-->src/main/AndroidManifest.xml:5:5-67
11-->src/main/AndroidManifest.xml:5:22-64
12    <uses-permission android:name="android.permission.ACCESS_NETWORK_STATE" />
12-->src/main/AndroidManifest.xml:6:5-79
12-->src/main/AndroidManifest.xml:6:22-76
13    <uses-permission android:name="android.permission.ACCESS_WIFI_STATE" />
13-->src/main/AndroidManifest.xml:7:5-76
13-->src/main/AndroidManifest.xml:7:22-73
14    <uses-permission android:name="android.permission.POST_NOTIFICATIONS" />
14-->src/main/AndroidManifest.xml:8:5-77
14-->src/main/AndroidManifest.xml:8:22-74
15    <uses-permission android:name="android.permission.REQUEST_INSTALL_PACKAGES" />
15-->src/main/AndroidManifest.xml:9:5-83
15-->src/main/AndroidManifest.xml:9:22-80
16    <uses-permission android:name="com.android.providers.tv.permission.READ_EPG_DATA" />
16-->src/main/AndroidManifest.xml:10:5-89
16-->src/main/AndroidManifest.xml:10:22-86
17    <uses-permission android:name="com.android.providers.tv.permission.WRITE_EPG_DATA" />
17-->src/main/AndroidManifest.xml:11:5-90
17-->src/main/AndroidManifest.xml:11:22-87
18    <uses-permission android:name="android.permission.BIND_TV_INPUT" />
18-->src/main/AndroidManifest.xml:12:5-72
18-->src/main/AndroidManifest.xml:12:22-69
19    <uses-permission android:name="android.permission.RECEIVE_BOOT_COMPLETED" />
19-->src/main/AndroidManifest.xml:13:5-81
19-->src/main/AndroidManifest.xml:13:22-78
20    <uses-permission android:name="android.permission.FOREGROUND_SERVICE" />
20-->src/main/AndroidManifest.xml:14:5-77
20-->src/main/AndroidManifest.xml:14:22-74
21    <uses-permission android:name="android.permission.FOREGROUND_SERVICE_DATA_SYNC" />
21-->src/main/AndroidManifest.xml:15:5-87
21-->src/main/AndroidManifest.xml:15:22-84
22    <uses-permission android:name="android.permission.SCHEDULE_EXACT_ALARM" />
22-->src/main/AndroidManifest.xml:16:5-79
22-->src/main/AndroidManifest.xml:16:22-76
23
24    <uses-feature
24-->src/main/AndroidManifest.xml:18:5-20:36
25        android:name="android.software.leanback"
25-->src/main/AndroidManifest.xml:19:9-49
26        android:required="false" />
26-->src/main/AndroidManifest.xml:20:9-33
27    <uses-feature
27-->src/main/AndroidManifest.xml:22:5-24:36
28        android:name="android.hardware.touchscreen"
28-->src/main/AndroidManifest.xml:23:9-52
29        android:required="false" />
29-->src/main/AndroidManifest.xml:24:9-33
30
31    <queries>
31-->src/main/AndroidManifest.xml:26:5-42:15
32        <intent>
32-->src/main/AndroidManifest.xml:27:9-29:18
33            <action android:name="com.vopo.plugin.API" />
33-->src/main/AndroidManifest.xml:28:13-58
33-->src/main/AndroidManifest.xml:28:21-55
34        </intent>
35        <intent>
35-->src/main/AndroidManifest.xml:30:9-33:18
36            <action android:name="android.intent.action.VIEW" />
36-->src/main/AndroidManifest.xml:31:13-65
36-->src/main/AndroidManifest.xml:31:21-62
37
38            <data android:mimeType="video/*" />
38-->src/main/AndroidManifest.xml:32:13-48
38-->src/main/AndroidManifest.xml:32:19-45
39        </intent>
40        <intent>
40-->src/main/AndroidManifest.xml:34:9-37:18
41            <action android:name="android.intent.action.VIEW" />
41-->src/main/AndroidManifest.xml:31:13-65
41-->src/main/AndroidManifest.xml:31:21-62
42
43            <data android:mimeType="application/x-mpegURL" />
43-->src/main/AndroidManifest.xml:32:13-48
43-->src/main/AndroidManifest.xml:32:19-45
44        </intent>
45        <intent>
45-->src/main/AndroidManifest.xml:38:9-41:18
46            <action android:name="android.intent.action.VIEW" />
46-->src/main/AndroidManifest.xml:31:13-65
46-->src/main/AndroidManifest.xml:31:21-62
47
48            <data android:mimeType="application/vnd.apple.mpegurl" />
48-->src/main/AndroidManifest.xml:32:13-48
48-->src/main/AndroidManifest.xml:32:19-45
49        </intent>
50
51        <package android:name="com.google.android.gms.policy_cast_dynamite" />
51-->[com.google.android.gms:play-services-cast-framework:22.1.0] AndroidManifest.xml:15:9-79
51-->[com.google.android.gms:play-services-cast-framework:22.1.0] AndroidManifest.xml:15:18-76
52    </queries>
53
54    <uses-permission android:name="android.permission.WAKE_LOCK" />
54-->[androidx.media3:media3-exoplayer:1.9.2] AndroidManifest.xml:23:5-68
54-->[androidx.media3:media3-exoplayer:1.9.2] AndroidManifest.xml:23:22-65
55
56    <permission
56-->[androidx.core:core:1.18.0] AndroidManifest.xml:22:5-24:47
57        android:name="com.vopo.app.debug.DYNAMIC_RECEIVER_NOT_EXPORTED_PERMISSION"
57-->[androidx.core:core:1.18.0] AndroidManifest.xml:23:9-81
58        android:protectionLevel="signature" />
58-->[androidx.core:core:1.18.0] AndroidManifest.xml:24:9-44
59
60    <uses-permission android:name="com.vopo.app.debug.DYNAMIC_RECEIVER_NOT_EXPORTED_PERMISSION" /> <!-- To store the heap dumps and leak analysis results. -->
60-->[androidx.core:core:1.18.0] AndroidManifest.xml:26:5-97
60-->[androidx.core:core:1.18.0] AndroidManifest.xml:26:22-94
61    <uses-permission android:name="android.permission.READ_EXTERNAL_STORAGE" />
61-->[com.squareup.leakcanary:leakcanary-android-core:2.14] AndroidManifest.xml:25:5-80
61-->[com.squareup.leakcanary:leakcanary-android-core:2.14] AndroidManifest.xml:25:22-77
62    <uses-permission android:name="android.permission.WRITE_EXTERNAL_STORAGE" />
62-->[com.squareup.leakcanary:leakcanary-android-core:2.14] AndroidManifest.xml:26:5-81
62-->[com.squareup.leakcanary:leakcanary-android-core:2.14] AndroidManifest.xml:26:22-78
63
64    <application
64-->src/main/AndroidManifest.xml:44:5-178:19
65        android:name="com.vopo.app.VopoApp"
65-->src/main/AndroidManifest.xml:45:9-32
66        android:allowBackup="false"
66-->src/main/AndroidManifest.xml:46:9-36
67        android:appComponentFactory="androidx.core.app.CoreComponentFactory"
67-->[androidx.core:core:1.18.0] AndroidManifest.xml:28:18-86
68        android:banner="@drawable/app_banner"
68-->src/main/AndroidManifest.xml:47:9-46
69        android:debuggable="true"
70        android:extractNativeLibs="false"
71        android:icon="@mipmap/ic_launcher_vopo"
71-->src/main/AndroidManifest.xml:48:9-48
72        android:label="@string/app_name"
72-->src/main/AndroidManifest.xml:50:9-41
73        android:localeConfig="@xml/locales_config"
73-->src/main/AndroidManifest.xml:51:9-51
74        android:networkSecurityConfig="@xml/network_security_config"
74-->src/main/AndroidManifest.xml:52:9-69
75        android:roundIcon="@mipmap/ic_launcher_vopo"
75-->src/main/AndroidManifest.xml:49:9-53
76        android:supportsRtl="true"
76-->src/main/AndroidManifest.xml:54:9-35
77        android:theme="@style/Theme.Vopo"
77-->src/main/AndroidManifest.xml:55:9-42
78        android:usesCleartextTraffic="true" >
78-->src/main/AndroidManifest.xml:53:9-44
79        <activity
79-->src/main/AndroidManifest.xml:57:9-121:20
80            android:name="com.vopo.app.MainActivity"
80-->src/main/AndroidManifest.xml:58:13-41
81            android:configChanges="keyboard|keyboardHidden|navigation|orientation|screenSize|screenLayout|smallestScreenSize"
81-->src/main/AndroidManifest.xml:60:13-126
82            android:exported="true"
82-->src/main/AndroidManifest.xml:59:13-36
83            android:launchMode="singleTask"
83-->src/main/AndroidManifest.xml:61:13-44
84            android:screenOrientation="landscape"
84-->src/main/AndroidManifest.xml:63:13-50
85            android:supportsPictureInPicture="true"
85-->src/main/AndroidManifest.xml:62:13-52
86            android:windowSoftInputMode="adjustResize" >
86-->src/main/AndroidManifest.xml:64:13-55
87            <intent-filter>
87-->src/main/AndroidManifest.xml:66:13-69:29
88                <action android:name="android.intent.action.SEARCH" />
88-->src/main/AndroidManifest.xml:67:17-71
88-->src/main/AndroidManifest.xml:67:25-68
89
90                <category android:name="android.intent.category.DEFAULT" />
90-->src/main/AndroidManifest.xml:68:17-76
90-->src/main/AndroidManifest.xml:68:27-73
91            </intent-filter>
92            <intent-filter>
92-->src/main/AndroidManifest.xml:71:13-74:29
93                <action android:name="android.intent.action.ASSIST" />
93-->src/main/AndroidManifest.xml:72:17-71
93-->src/main/AndroidManifest.xml:72:25-68
94
95                <category android:name="android.intent.category.DEFAULT" />
95-->src/main/AndroidManifest.xml:68:17-76
95-->src/main/AndroidManifest.xml:68:27-73
96            </intent-filter>
97            <intent-filter>
97-->src/main/AndroidManifest.xml:76:13-89:29
98                <action android:name="android.intent.action.VIEW" />
98-->src/main/AndroidManifest.xml:31:13-65
98-->src/main/AndroidManifest.xml:31:21-62
99
100                <category android:name="android.intent.category.DEFAULT" />
100-->src/main/AndroidManifest.xml:68:17-76
100-->src/main/AndroidManifest.xml:68:27-73
101                <category android:name="android.intent.category.BROWSABLE" />
101-->src/main/AndroidManifest.xml:79:17-78
101-->src/main/AndroidManifest.xml:79:27-75
102
103                <data android:mimeType="audio/x-mpegurl" />
103-->src/main/AndroidManifest.xml:32:13-48
103-->src/main/AndroidManifest.xml:32:19-45
104                <data android:mimeType="audio/mpegurl" />
104-->src/main/AndroidManifest.xml:32:13-48
104-->src/main/AndroidManifest.xml:32:19-45
105                <data android:mimeType="application/x-mpegurl" />
105-->src/main/AndroidManifest.xml:32:13-48
105-->src/main/AndroidManifest.xml:32:19-45
106                <data android:mimeType="application/vnd.apple.mpegurl" />
106-->src/main/AndroidManifest.xml:32:13-48
106-->src/main/AndroidManifest.xml:32:19-45
107                <data android:mimeType="application/mpegurl" />
107-->src/main/AndroidManifest.xml:32:13-48
107-->src/main/AndroidManifest.xml:32:19-45
108                <data
108-->src/main/AndroidManifest.xml:32:13-48
109                    android:pathPattern=".*\\.m3u"
109-->src/main/AndroidManifest.xml:85:48-78
110                    android:scheme="content" />
110-->src/main/AndroidManifest.xml:85:23-47
111                <data
111-->src/main/AndroidManifest.xml:32:13-48
112                    android:pathPattern=".*\\.m3u8"
112-->src/main/AndroidManifest.xml:85:48-78
113                    android:scheme="content" />
113-->src/main/AndroidManifest.xml:85:23-47
114                <data
114-->src/main/AndroidManifest.xml:32:13-48
115                    android:pathPattern=".*\\.m3u"
115-->src/main/AndroidManifest.xml:85:48-78
116                    android:scheme="file" />
116-->src/main/AndroidManifest.xml:85:23-47
117                <data
117-->src/main/AndroidManifest.xml:32:13-48
118                    android:pathPattern=".*\\.m3u8"
118-->src/main/AndroidManifest.xml:85:48-78
119                    android:scheme="file" />
119-->src/main/AndroidManifest.xml:85:23-47
120            </intent-filter>
121            <intent-filter>
121-->src/main/AndroidManifest.xml:91:13-100:29
122                <action android:name="android.intent.action.VIEW" />
122-->src/main/AndroidManifest.xml:31:13-65
122-->src/main/AndroidManifest.xml:31:21-62
123
124                <category android:name="android.intent.category.DEFAULT" />
124-->src/main/AndroidManifest.xml:68:17-76
124-->src/main/AndroidManifest.xml:68:27-73
125                <category android:name="android.intent.category.BROWSABLE" />
125-->src/main/AndroidManifest.xml:79:17-78
125-->src/main/AndroidManifest.xml:79:27-75
126
127                <data android:mimeType="application/json" />
127-->src/main/AndroidManifest.xml:32:13-48
127-->src/main/AndroidManifest.xml:32:19-45
128                <data android:mimeType="text/json" />
128-->src/main/AndroidManifest.xml:32:13-48
128-->src/main/AndroidManifest.xml:32:19-45
129                <data android:mimeType="application/x-json" />
129-->src/main/AndroidManifest.xml:32:13-48
129-->src/main/AndroidManifest.xml:32:19-45
130                <data
130-->src/main/AndroidManifest.xml:32:13-48
131                    android:pathPattern=".*\\.json"
131-->src/main/AndroidManifest.xml:85:48-78
132                    android:scheme="content" />
132-->src/main/AndroidManifest.xml:85:23-47
133                <data
133-->src/main/AndroidManifest.xml:32:13-48
134                    android:pathPattern=".*\\.json"
134-->src/main/AndroidManifest.xml:85:48-78
135                    android:scheme="file" />
135-->src/main/AndroidManifest.xml:85:23-47
136            </intent-filter>
137            <intent-filter>
137-->src/main/AndroidManifest.xml:102:13-109:29
138                <action android:name="android.intent.action.SEND" />
138-->src/main/AndroidManifest.xml:103:17-69
138-->src/main/AndroidManifest.xml:103:25-66
139
140                <category android:name="android.intent.category.DEFAULT" />
140-->src/main/AndroidManifest.xml:68:17-76
140-->src/main/AndroidManifest.xml:68:27-73
141
142                <data android:mimeType="application/json" />
142-->src/main/AndroidManifest.xml:32:13-48
142-->src/main/AndroidManifest.xml:32:19-45
143                <data android:mimeType="text/json" />
143-->src/main/AndroidManifest.xml:32:13-48
143-->src/main/AndroidManifest.xml:32:19-45
144                <data android:mimeType="application/x-json" />
144-->src/main/AndroidManifest.xml:32:13-48
144-->src/main/AndroidManifest.xml:32:19-45
145                <data android:mimeType="application/octet-stream" />
145-->src/main/AndroidManifest.xml:32:13-48
145-->src/main/AndroidManifest.xml:32:19-45
146            </intent-filter>
147
148            <meta-data
148-->src/main/AndroidManifest.xml:111:13-113:54
149                android:name="android.app.searchable"
149-->src/main/AndroidManifest.xml:112:17-54
150                android:resource="@xml/searchable" />
150-->src/main/AndroidManifest.xml:113:17-51
151
152            <!-- TV Launcher entry point -->
153            <intent-filter>
153-->src/main/AndroidManifest.xml:116:13-120:29
154                <action android:name="android.intent.action.MAIN" />
154-->src/main/AndroidManifest.xml:117:17-69
154-->src/main/AndroidManifest.xml:117:25-66
155
156                <category android:name="android.intent.category.LEANBACK_LAUNCHER" />
156-->src/main/AndroidManifest.xml:118:17-86
156-->src/main/AndroidManifest.xml:118:27-83
157                <category android:name="android.intent.category.LAUNCHER" />
157-->src/main/AndroidManifest.xml:119:17-77
157-->src/main/AndroidManifest.xml:119:27-74
158            </intent-filter>
159        </activity>
160        <activity
160-->src/main/AndroidManifest.xml:123:9-128:61
161            android:name="com.vopo.app.cast.CastRouteChooserActivity"
161-->src/main/AndroidManifest.xml:124:13-58
162            android:excludeFromRecents="true"
162-->src/main/AndroidManifest.xml:126:13-46
163            android:exported="false"
163-->src/main/AndroidManifest.xml:125:13-37
164            android:launchMode="singleTop"
164-->src/main/AndroidManifest.xml:127:13-43
165            android:theme="@style/Theme.Vopo.CastChooser" />
165-->src/main/AndroidManifest.xml:128:13-58
166        <activity
166-->src/main/AndroidManifest.xml:130:9-135:49
167            android:name="com.vopo.app.tvinput.TvInputSetupActivity"
167-->src/main/AndroidManifest.xml:131:13-57
168            android:excludeFromRecents="true"
168-->src/main/AndroidManifest.xml:133:13-46
169            android:exported="true"
169-->src/main/AndroidManifest.xml:132:13-36
170            android:launchMode="singleTask"
170-->src/main/AndroidManifest.xml:134:13-44
171            android:theme="@style/Theme.Vopo" />
171-->src/main/AndroidManifest.xml:135:13-46
172        <activity
172-->src/main/AndroidManifest.xml:137:9-141:49
173            android:name="com.vopo.app.diagnostics.ExternalPlayerProbeActivity"
173-->src/main/AndroidManifest.xml:138:13-68
174            android:excludeFromRecents="true"
174-->src/main/AndroidManifest.xml:140:13-46
175            android:exported="false"
175-->src/main/AndroidManifest.xml:139:13-37
176            android:theme="@style/Theme.Vopo" />
176-->src/main/AndroidManifest.xml:141:13-46
177
178        <service
178-->src/main/AndroidManifest.xml:143:9-156:19
179            android:name="com.vopo.app.tvinput.VopoTvInputService"
179-->src/main/AndroidManifest.xml:144:13-55
180            android:exported="true"
180-->src/main/AndroidManifest.xml:145:13-36
181            android:label="Vopo Live Channels"
181-->src/main/AndroidManifest.xml:146:13-47
182            android:permission="android.permission.BIND_TV_INPUT" >
182-->src/main/AndroidManifest.xml:147:13-66
183            <intent-filter>
183-->src/main/AndroidManifest.xml:149:13-151:29
184                <action android:name="android.media.tv.TvInputService" />
184-->src/main/AndroidManifest.xml:150:17-74
184-->src/main/AndroidManifest.xml:150:25-71
185            </intent-filter>
186
187            <meta-data
187-->src/main/AndroidManifest.xml:153:13-155:60
188                android:name="android.media.tv.input"
188-->src/main/AndroidManifest.xml:154:17-54
189                android:resource="@xml/tv_input_service" />
189-->src/main/AndroidManifest.xml:155:17-57
190        </service>
191        <service
191-->src/main/AndroidManifest.xml:158:9-161:56
192            android:name="com.vopo.app.service.DownloadForegroundService"
192-->src/main/AndroidManifest.xml:159:13-62
193            android:exported="false"
193-->src/main/AndroidManifest.xml:160:13-37
194            android:foregroundServiceType="dataSync" />
194-->src/main/AndroidManifest.xml:161:13-53
195
196        <meta-data
196-->src/main/AndroidManifest.xml:163:9-165:73
197            android:name="com.google.android.gms.cast.framework.OPTIONS_PROVIDER_CLASS_NAME"
197-->src/main/AndroidManifest.xml:164:13-93
198            android:value="com.vopo.app.cast.VopoCastOptionsProvider" />
198-->src/main/AndroidManifest.xml:165:13-70
199
200        <provider
201            android:name="androidx.core.content.FileProvider"
201-->src/main/AndroidManifest.xml:168:13-62
202            android:authorities="com.vopo.app.debug.fileprovider"
202-->src/main/AndroidManifest.xml:169:13-64
203            android:exported="false"
203-->src/main/AndroidManifest.xml:170:13-37
204            android:grantUriPermissions="true" >
204-->src/main/AndroidManifest.xml:171:13-47
205            <meta-data
205-->src/main/AndroidManifest.xml:172:13-174:54
206                android:name="android.support.FILE_PROVIDER_PATHS"
206-->src/main/AndroidManifest.xml:173:17-67
207                android:resource="@xml/file_paths" />
207-->src/main/AndroidManifest.xml:174:17-51
208        </provider>
209
210        <service
210-->[:data] AndroidManifest.xml:8:9-11:56
211            android:name="com.vopo.data.manager.recording.RecordingForegroundService"
211-->[:data] AndroidManifest.xml:9:13-86
212            android:exported="false"
212-->[:data] AndroidManifest.xml:10:13-37
213            android:foregroundServiceType="dataSync" />
213-->[:data] AndroidManifest.xml:11:13-53
214
215        <receiver
215-->[:data] AndroidManifest.xml:13:9-15:40
216            android:name="com.vopo.data.manager.recording.RecordingAlarmReceiver"
216-->[:data] AndroidManifest.xml:14:13-82
217            android:exported="false" />
217-->[:data] AndroidManifest.xml:15:13-37
218        <receiver
218-->[:data] AndroidManifest.xml:16:9-18:40
219            android:name="com.vopo.data.manager.reminder.ProgramReminderAlarmReceiver"
219-->[:data] AndroidManifest.xml:17:13-87
220            android:exported="false" />
220-->[:data] AndroidManifest.xml:18:13-37
221        <receiver
221-->[:data] AndroidManifest.xml:19:9-27:20
222            android:name="com.vopo.data.manager.recording.RecordingRestoreReceiver"
222-->[:data] AndroidManifest.xml:20:13-84
223            android:enabled="true"
223-->[:data] AndroidManifest.xml:21:13-35
224            android:exported="true" >
224-->[:data] AndroidManifest.xml:22:13-36
225            <intent-filter>
225-->[:data] AndroidManifest.xml:23:13-26:29
226                <action android:name="android.intent.action.BOOT_COMPLETED" />
226-->[:data] AndroidManifest.xml:24:17-79
226-->[:data] AndroidManifest.xml:24:25-76
227                <action android:name="android.intent.action.MY_PACKAGE_REPLACED" />
227-->[:data] AndroidManifest.xml:25:17-84
227-->[:data] AndroidManifest.xml:25:25-81
228            </intent-filter>
229        </receiver>
230        <receiver
230-->[:data] AndroidManifest.xml:28:9-36:20
231            android:name="com.vopo.data.manager.reminder.ProgramReminderRestoreReceiver"
231-->[:data] AndroidManifest.xml:29:13-89
232            android:enabled="true"
232-->[:data] AndroidManifest.xml:30:13-35
233            android:exported="true" >
233-->[:data] AndroidManifest.xml:31:13-36
234            <intent-filter>
234-->[:data] AndroidManifest.xml:23:13-26:29
235                <action android:name="android.intent.action.BOOT_COMPLETED" />
235-->[:data] AndroidManifest.xml:24:17-79
235-->[:data] AndroidManifest.xml:24:25-76
236                <action android:name="android.intent.action.MY_PACKAGE_REPLACED" />
236-->[:data] AndroidManifest.xml:25:17-84
236-->[:data] AndroidManifest.xml:25:25-81
237            </intent-filter>
238        </receiver>
239
240        <provider
240-->[androidx.work:work-runtime:2.11.1] AndroidManifest.xml:29:9-37:20
241            android:name="androidx.startup.InitializationProvider"
241-->[androidx.work:work-runtime:2.11.1] AndroidManifest.xml:30:13-67
242            android:authorities="com.vopo.app.debug.androidx-startup"
242-->[androidx.work:work-runtime:2.11.1] AndroidManifest.xml:31:13-68
243            android:exported="false" >
243-->[androidx.work:work-runtime:2.11.1] AndroidManifest.xml:32:13-37
244            <meta-data
244-->[androidx.work:work-runtime:2.11.1] AndroidManifest.xml:34:13-36:52
245                android:name="androidx.work.WorkManagerInitializer"
245-->[androidx.work:work-runtime:2.11.1] AndroidManifest.xml:35:17-68
246                android:value="androidx.startup" />
246-->[androidx.work:work-runtime:2.11.1] AndroidManifest.xml:36:17-49
247            <meta-data
247-->[androidx.emoji2:emoji2:1.4.0] AndroidManifest.xml:29:13-31:52
248                android:name="androidx.emoji2.text.EmojiCompatInitializer"
248-->[androidx.emoji2:emoji2:1.4.0] AndroidManifest.xml:30:17-75
249                android:value="androidx.startup" />
249-->[androidx.emoji2:emoji2:1.4.0] AndroidManifest.xml:31:17-49
250            <meta-data
250-->[androidx.lifecycle:lifecycle-process:2.10.0] AndroidManifest.xml:29:13-31:52
251                android:name="androidx.lifecycle.ProcessLifecycleInitializer"
251-->[androidx.lifecycle:lifecycle-process:2.10.0] AndroidManifest.xml:30:17-78
252                android:value="androidx.startup" />
252-->[androidx.lifecycle:lifecycle-process:2.10.0] AndroidManifest.xml:31:17-49
253            <meta-data
253-->[androidx.profileinstaller:profileinstaller:1.4.1] AndroidManifest.xml:29:13-31:52
254                android:name="androidx.profileinstaller.ProfileInstallerInitializer"
254-->[androidx.profileinstaller:profileinstaller:1.4.1] AndroidManifest.xml:30:17-85
255                android:value="androidx.startup" />
255-->[androidx.profileinstaller:profileinstaller:1.4.1] AndroidManifest.xml:31:17-49
256        </provider>
257
258        <service
258-->[androidx.work:work-runtime:2.11.1] AndroidManifest.xml:39:9-45:35
259            android:name="androidx.work.impl.background.systemjob.SystemJobService"
259-->[androidx.work:work-runtime:2.11.1] AndroidManifest.xml:40:13-84
260            android:directBootAware="false"
260-->[androidx.work:work-runtime:2.11.1] AndroidManifest.xml:41:13-44
261            android:enabled="@bool/enable_system_job_service_default"
261-->[androidx.work:work-runtime:2.11.1] AndroidManifest.xml:42:13-70
262            android:exported="true"
262-->[androidx.work:work-runtime:2.11.1] AndroidManifest.xml:43:13-36
263            android:permission="android.permission.BIND_JOB_SERVICE" />
263-->[androidx.work:work-runtime:2.11.1] AndroidManifest.xml:44:13-69
264        <service
264-->[androidx.work:work-runtime:2.11.1] AndroidManifest.xml:46:9-52:35
265            android:name="androidx.work.impl.foreground.SystemForegroundService"
265-->[androidx.work:work-runtime:2.11.1] AndroidManifest.xml:47:13-81
266            android:directBootAware="false"
266-->[androidx.work:work-runtime:2.11.1] AndroidManifest.xml:48:13-44
267            android:enabled="@bool/enable_system_foreground_service_default"
267-->[androidx.work:work-runtime:2.11.1] AndroidManifest.xml:49:13-77
268            android:exported="false" />
268-->[androidx.work:work-runtime:2.11.1] AndroidManifest.xml:50:13-37
269
270        <receiver
270-->[androidx.work:work-runtime:2.11.1] AndroidManifest.xml:54:9-59:35
271            android:name="androidx.work.impl.utils.ForceStopRunnable$BroadcastReceiver"
271-->[androidx.work:work-runtime:2.11.1] AndroidManifest.xml:55:13-88
272            android:directBootAware="false"
272-->[androidx.work:work-runtime:2.11.1] AndroidManifest.xml:56:13-44
273            android:enabled="true"
273-->[androidx.work:work-runtime:2.11.1] AndroidManifest.xml:57:13-35
274            android:exported="false" />
274-->[androidx.work:work-runtime:2.11.1] AndroidManifest.xml:58:13-37
275        <receiver
275-->[androidx.work:work-runtime:2.11.1] AndroidManifest.xml:60:9-69:20
276            android:name="androidx.work.impl.background.systemalarm.RescheduleReceiver"
276-->[androidx.work:work-runtime:2.11.1] AndroidManifest.xml:61:13-88
277            android:directBootAware="false"
277-->[androidx.work:work-runtime:2.11.1] AndroidManifest.xml:62:13-44
278            android:enabled="false"
278-->[androidx.work:work-runtime:2.11.1] AndroidManifest.xml:63:13-36
279            android:exported="false" >
279-->[androidx.work:work-runtime:2.11.1] AndroidManifest.xml:64:13-37
280            <intent-filter>
280-->[androidx.work:work-runtime:2.11.1] AndroidManifest.xml:66:13-68:29
281                <action android:name="android.intent.action.BOOT_COMPLETED" />
281-->[:data] AndroidManifest.xml:24:17-79
281-->[:data] AndroidManifest.xml:24:25-76
282            </intent-filter>
283        </receiver>
284        <receiver
284-->[androidx.work:work-runtime:2.11.1] AndroidManifest.xml:70:9-80:20
285            android:name="androidx.work.impl.diagnostics.DiagnosticsReceiver"
285-->[androidx.work:work-runtime:2.11.1] AndroidManifest.xml:71:13-78
286            android:directBootAware="false"
286-->[androidx.work:work-runtime:2.11.1] AndroidManifest.xml:72:13-44
287            android:enabled="true"
287-->[androidx.work:work-runtime:2.11.1] AndroidManifest.xml:73:13-35
288            android:exported="true"
288-->[androidx.work:work-runtime:2.11.1] AndroidManifest.xml:74:13-36
289            android:permission="android.permission.DUMP" >
289-->[androidx.work:work-runtime:2.11.1] AndroidManifest.xml:75:13-57
290            <intent-filter>
290-->[androidx.work:work-runtime:2.11.1] AndroidManifest.xml:77:13-79:29
291                <action android:name="androidx.work.diagnostics.REQUEST_DIAGNOSTICS" />
291-->[androidx.work:work-runtime:2.11.1] AndroidManifest.xml:78:17-88
291-->[androidx.work:work-runtime:2.11.1] AndroidManifest.xml:78:25-85
292            </intent-filter>
293        </receiver>
294
295        <service
295-->[androidx.room:room-runtime-android:2.8.4] AndroidManifest.xml:24:9-28:63
296            android:name="androidx.room.MultiInstanceInvalidationService"
296-->[androidx.room:room-runtime-android:2.8.4] AndroidManifest.xml:25:13-74
297            android:directBootAware="true"
297-->[androidx.room:room-runtime-android:2.8.4] AndroidManifest.xml:26:13-43
298            android:exported="false" />
298-->[androidx.room:room-runtime-android:2.8.4] AndroidManifest.xml:27:13-37
299
300        <receiver
300-->[com.google.android.gms:play-services-cast-framework:22.1.0] AndroidManifest.xml:19:9-21:40
301            android:name="com.google.android.gms.cast.framework.media.MediaIntentReceiver"
301-->[com.google.android.gms:play-services-cast-framework:22.1.0] AndroidManifest.xml:20:13-91
302            android:exported="false" />
302-->[com.google.android.gms:play-services-cast-framework:22.1.0] AndroidManifest.xml:21:13-37
303
304        <service
304-->[com.google.android.gms:play-services-cast-framework:22.1.0] AndroidManifest.xml:23:9-25:40
305            android:name="com.google.android.gms.cast.framework.ReconnectionService"
305-->[com.google.android.gms:play-services-cast-framework:22.1.0] AndroidManifest.xml:24:13-85
306            android:exported="false" />
306-->[com.google.android.gms:play-services-cast-framework:22.1.0] AndroidManifest.xml:25:13-37
307
308        <activity
308-->[com.google.android.gms:play-services-auth:21.4.0] AndroidManifest.xml:23:9-27:75
309            android:name="com.google.android.gms.auth.api.signin.internal.SignInHubActivity"
309-->[com.google.android.gms:play-services-auth:21.4.0] AndroidManifest.xml:24:13-93
310            android:excludeFromRecents="true"
310-->[com.google.android.gms:play-services-auth:21.4.0] AndroidManifest.xml:25:13-46
311            android:exported="false"
311-->[com.google.android.gms:play-services-auth:21.4.0] AndroidManifest.xml:26:13-37
312            android:theme="@android:style/Theme.Translucent.NoTitleBar" />
312-->[com.google.android.gms:play-services-auth:21.4.0] AndroidManifest.xml:27:13-72
313        <!--